2021-07-13 20:51:36,955 - gmm_detection - INFO - /home/ubuntu/GMM_OpenStack_implementation_real_time,/home/ubuntu/GMM_OpenStack_implementation_real_time/features
2021-07-13 20:51:37,045 - scapy.runtime - WARNING - No route found for IPv6 destination :: (no default route?)
2021-07-13 20:51:37,059 - gmm_detection - INFO - Initiating the Sniffer and feature extraction in a thread
2021-07-13 20:51:37,064 - gmm_detection - INFO - Initiating the classifier in a third thread
2021-07-13 20:51:37,064 - gmm_detection - INFO - wating for the threads to avoid bugs
2021-07-13 20:51:37,066 - urllib3.connectionpool - DEBUG - Starting new HTTP connection (1): 192.168.100.110:5000
2021-07-13 20:51:37,073 - gmm_detection - INFO - Stating a new Sniffer
2021-07-13 20:52:37,064 - gmm_detection - INFO - Timeout, Stoping the current sniffer
2021-07-13 20:52:37,102 - gmm_detection - INFO - Stating a new Sniffer
2021-07-13 20:53:07,892 - gmm_detection - INFO - /home/ubuntu/GMM_OpenStack_implementation_real_time,/home/ubuntu/GMM_OpenStack_implementation_real_time/features
2021-07-13 20:53:07,976 - scapy.runtime - WARNING - No route found for IPv6 destination :: (no default route?)
2021-07-13 20:53:07,985 - gmm_detection - INFO - Initiating the Sniffer and feature extraction in a thread
2021-07-13 20:53:07,985 - gmm_detection - INFO - Initiating the classifier in a third thread
2021-07-13 20:53:07,986 - gmm_detection - INFO - wating for the threads to avoid bugs
2021-07-13 20:53:07,988 - urllib3.connectionpool - DEBUG - Starting new HTTP connection (1): 192.168.100.110:5000
2021-07-13 20:53:07,988 - gmm_detection - INFO - Stating a new Sniffer
2021-07-13 21:00:42,046 - gmm_detection - INFO - /home/ubuntu/GMM_OpenStack_implementation_real_time,/home/ubuntu/GMM_OpenStack_implementation_real_time/features
2021-07-13 21:00:42,232 - scapy.runtime - WARNING - No route found for IPv6 destination :: (no default route?)
2021-07-13 21:00:42,251 - gmm_detection - INFO - Initiating the Sniffer and feature extraction in a thread
2021-07-13 21:00:42,251 - gmm_detection - INFO - Initiating the classifier in a third thread
2021-07-13 21:00:42,252 - gmm_detection - INFO - wating for the threads to avoid bugs
2021-07-13 21:00:42,252 - gmm_detection - INFO - Stating a new Sniffer
2021-07-13 21:00:42,310 - urllib3.connectionpool - DEBUG - Starting new HTTP connection (1): 192.168.100.110:5000
2021-07-13 21:01:42,252 - gmm_detection - INFO - Timeout, Stoping the current sniffer
2021-07-13 21:01:42,291 - gmm_detection - INFO - Stating a new Sniffer
2021-07-13 21:02:42,252 - gmm_detection - INFO - Timeout, Stoping the current sniffer
2021-07-13 21:02:42,297 - gmm_detection - INFO - Stating a new Sniffer
2021-07-13 21:03:42,253 - gmm_detection - INFO - Timeout, Stoping the current sniffer
2021-07-13 21:03:42,292 - gmm_detection - INFO - Stating a new Sniffer
2021-07-13 21:04:42,253 - gmm_detection - INFO - Timeout, Stoping the current sniffer
2021-07-13 21:04:42,296 - gmm_detection - INFO - Stating a new Sniffer
2021-07-13 21:05:42,253 - gmm_detection - INFO - Timeout, Stoping the current sniffer
2021-07-13 21:05:42,297 - gmm_detection - INFO - Stating a new Sniffer
2021-07-13 21:06:42,253 - gmm_detection - INFO - Timeout, Stoping the current sniffer
2021-07-13 21:06:42,303 - gmm_detection - INFO - Stating a new Sniffer
2021-07-13 21:12:13,611 - gmm_detection - INFO - /home/ubuntu/GMM_OpenStack_implementation_real_time,/home/ubuntu/GMM_OpenStack_implementation_real_time/features
2021-07-13 21:12:13,781 - scapy.runtime - WARNING - No route found for IPv6 destination :: (no default route?)
2021-07-13 21:12:13,800 - gmm_detection - INFO - Initiating the Sniffer and feature extraction in a thread
2021-07-13 21:12:13,800 - gmm_detection - INFO - Initiating the classifier in a third thread
2021-07-13 21:12:13,801 - gmm_detection - INFO - wating for the threads to avoid bugs
2021-07-13 21:12:13,801 - gmm_detection - INFO - Stating a new Sniffer
2021-07-13 21:12:13,855 - urllib3.connectionpool - DEBUG - Starting new HTTP connection (1): 192.168.100.110:5000
2021-07-13 21:13:13,801 - gmm_detection - INFO - Timeout, Stoping the current sniffer
2021-07-13 21:13:13,821 - gmm_detection - INFO - Stating a new Sniffer
2021-07-13 21:14:13,808 - gmm_detection - INFO - Timeout, Stoping the current sniffer
2021-07-13 21:14:13,825 - gmm_detection - INFO - Stating a new Sniffer
2021-07-13 21:15:13,809 - gmm_detection - INFO - Timeout, Stoping the current sniffer
2021-07-13 21:15:13,816 - gmm_detection - INFO - Stating a new Sniffer
2021-07-13 21:16:13,809 - gmm_detection - INFO - Timeout, Stoping the current sniffer
2021-07-13 21:16:13,822 - gmm_detection - INFO - Stating a new Sniffer
2021-07-13 21:17:13,809 - gmm_detection - INFO - Timeout, Stoping the current sniffer
2021-07-13 21:17:13,826 - gmm_detection - INFO - Stating a new Sniffer
2021-07-13 21:18:13,809 - gmm_detection - INFO - Timeout, Stoping the current sniffer
2021-07-13 21:19:13,810 - gmm_detection - INFO - Timeout, Stoping the current sniffer
2021-07-13 21:20:13,810 - gmm_detection - INFO - Timeout, Stoping the current sniffer
2021-07-13 21:21:13,810 - gmm_detection - INFO - Timeout, Stoping the current sniffer
2021-07-13 21:22:13,810 - gmm_detection - INFO - Timeout, Stoping the current sniffer
2021-07-13 21:23:13,810 - gmm_detection - INFO - Timeout, Stoping the current sniffer
2021-07-13 21:24:13,810 - gmm_detection - INFO - Timeout, Stoping the current sniffer
2021-07-13 21:25:13,811 - gmm_detection - INFO - Timeout, Stoping the current sniffer
2021-07-13 21:26:13,811 - gmm_detection - INFO - Timeout, Stoping the current sniffer
2021-07-13 21:27:13,811 - gmm_detection - INFO - Timeout, Stoping the current sniffer
2021-07-13 21:28:13,811 - gmm_detection - INFO - Timeout, Stoping the current sniffer
2021-07-13 21:29:13,811 - gmm_detection - INFO - Timeout, Stoping the current sniffer
2021-07-13 21:30:13,812 - gmm_detection - INFO - Timeout, Stoping the current sniffer
2021-07-13 21:30:32,334 - gmm_detection - INFO - /home/ubuntu/GMM_OpenStack_implementation_real_time,/home/ubuntu/GMM_OpenStack_implementation_real_time/features
2021-07-13 21:30:32,423 - scapy.runtime - WARNING - No route found for IPv6 destination :: (no default route?)
2021-07-13 21:30:32,434 - gmm_detection - INFO - Initiating the Sniffer and feature extraction in a thread
2021-07-13 21:30:32,434 - gmm_detection - INFO - Initiating the classifier in a third thread
2021-07-13 21:30:32,434 - gmm_detection - INFO - wating for the threads to avoid bugs
2021-07-13 21:30:32,436 - urllib3.connectionpool - DEBUG - Starting new HTTP connection (1): 192.168.100.110:5000
2021-07-13 21:30:32,437 - gmm_detection - INFO - Stating a new Sniffer
2021-07-13 21:31:32,434 - gmm_detection - INFO - Timeout, Stoping the current sniffer
2021-07-13 21:31:32,475 - gmm_detection - INFO - Stating a new Sniffer
2021-07-13 21:32:22,172 - gmm_detection - INFO - /home/ubuntu/GMM_OpenStack_implementation_real_time,/home/ubuntu/GMM_OpenStack_implementation_real_time/features
2021-07-13 21:32:22,267 - scapy.runtime - WARNING - No route found for IPv6 destination :: (no default route?)
2021-07-13 21:32:22,282 - gmm_detection - INFO - Initiating the Sniffer and feature extraction in a thread
2021-07-13 21:32:22,282 - gmm_detection - INFO - Initiating the classifier in a third thread
2021-07-13 21:32:22,283 - gmm_detection - INFO - wating for the threads to avoid bugs
2021-07-13 21:32:22,286 - urllib3.connectionpool - DEBUG - Starting new HTTP connection (1): 192.168.100.110:5000
2021-07-13 21:32:22,286 - gmm_detection - INFO - Stating a new Sniffer
2021-07-13 21:33:22,283 - gmm_detection - INFO - Timeout, Stoping the current sniffer
2021-07-13 21:33:22,326 - gmm_detection - INFO - Stating a new Sniffer
2021-07-13 23:24:37,782 - gmm_detection - INFO - /home/ubuntu/GMM_OpenStack_implementation_real_time,/home/ubuntu/GMM_OpenStack_implementation_real_time/features
2021-07-13 23:24:37,983 - scapy.runtime - WARNING - No route found for IPv6 destination :: (no default route?)
2021-07-13 23:24:38,005 - gmm_detection - INFO - Initiating the Sniffer and feature extraction in a thread
2021-07-13 23:24:38,005 - gmm_detection - INFO - Initiating the classifier in a third thread
2021-07-13 23:24:38,005 - gmm_detection - INFO - wating for the threads to avoid bugs
2021-07-13 23:24:38,006 - gmm_detection - INFO - Stating a new Sniffer
2021-07-13 23:24:38,061 - urllib3.connectionpool - DEBUG - Starting new HTTP connection (1): 192.168.100.110:5000
2021-07-13 23:25:38,006 - gmm_detection - INFO - Timeout, Stoping the current sniffer
2021-07-13 23:25:38,015 - gmm_detection - INFO - Stating a new Sniffer
2021-07-13 23:26:38,006 - gmm_detection - INFO - Timeout, Stoping the current sniffer
2021-07-13 23:26:38,025 - gmm_detection - INFO - Stating a new Sniffer
